<?xml version="1.0" encoding="UTF-8"?>
<!-- Generated by org.testng.reporters.JUnitReportReporter -->
<testsuite hostname="DESKTOP-7NV4AEE" failures="0" tests="1" name="com.automation.tests.MyntraTest" time="15.315" errors="0" timestamp="2025-04-25T20:57:02 IST" skipped="0">
  <testcase classname="com.automation.tests.MyntraTest" name="testAddProductToCart" time="15.315"/>
</testsuite> <!-- com.automation.tests.MyntraTest -->
